\BOOKMARK [0][-]{chapter.1}{Introduction}{}% 1
\BOOKMARK [1][-]{section.1.1}{D-Dust}{chapter.1}% 2
\BOOKMARK [1][-]{section.1.2}{Overview}{chapter.1}% 3
\BOOKMARK [2][-]{subsection.1.2.1}{Preprocessing}{section.1.2}% 4
\BOOKMARK [1][-]{section.1.3}{Model prediction}{chapter.1}% 5
\BOOKMARK [2][-]{subsection.1.3.1}{Neural Network regression with Keras}{section.1.3}% 6
\BOOKMARK [2][-]{subsection.1.3.2}{Machine Learning with Random Forest regressor}{section.1.3}% 7
\BOOKMARK [0][-]{chapter.2}{Background and state of art}{}% 8
\BOOKMARK [1][-]{section.2.1}{Data collection}{chapter.2}% 9
\BOOKMARK [1][-]{section.2.2}{Feature selection}{chapter.2}% 10
\BOOKMARK [1][-]{section.2.3}{Feature Selection}{chapter.2}% 11
\BOOKMARK [2][-]{subsection.2.3.1}{Filter Methods}{section.2.3}% 12
\BOOKMARK [2][-]{subsection.2.3.2}{Wrapper and Embedded Methods}{section.2.3}% 13
\BOOKMARK [2][-]{subsection.2.3.3}{Multiscale Geographically Weighted Regression \(MGWR\)}{section.2.3}% 14
\BOOKMARK [1][-]{section.2.4}{Data modelling using Machine Learning}{chapter.2}% 15
\BOOKMARK [0][-]{chapter.3}{Data Collection and Pre-Processing}{}% 16
\BOOKMARK [1][-]{section.3.1}{Data preparation}{chapter.3}% 17
\BOOKMARK [1][-]{section.3.2}{Data cleaning}{chapter.3}% 18
\BOOKMARK [1][-]{section.3.3}{Feature Selection}{chapter.3}% 19
\BOOKMARK [1][-]{section.3.4}{Results}{chapter.3}% 20
\BOOKMARK [0][-]{chapter.4}{Case of Study \(Data Modelling\) }{}% 21
\BOOKMARK [1][-]{section.4.1}{Datasets description}{chapter.4}% 22
\BOOKMARK [1][-]{section.4.2}{Results}{chapter.4}% 23
\BOOKMARK [1][-]{section.4.3}{Interpretation of the results}{chapter.4}% 24
\BOOKMARK [0][-]{chapter.5}{Conclusion}{}% 25
\BOOKMARK [0][-]{chapter.6}{References}{}% 26
\BOOKMARK [1][-]{section.6.1}{Bibliography}{chapter.6}% 27
\BOOKMARK [1][-]{section.6.2}{Software used}{chapter.6}% 28
